Arguments: 
  /Users/martin/.nvm/versions/node/v12.11.0/bin/node /Users/martin/.yarn/bin/yarn.js install

PATH: 
  /Users/martin/.nvm/versions/node/v12.11.0/lib/node_modules/npm/node_modules/npm-lifecycle/node-gyp-bin:/Users/martin/batcave/beepoc/node_modules/.bin:/var/folders/pv/w6jn0spn4s3bf7slfb39w8wc0000gn/T/yarn--1575731739130-0.9842654452419222:/Users/martin/batcave/beepoc/node_modules/.bin:/Users/martin/.config/yarn/link/node_modules/.bin:/Users/martin/batcave/beepoc/node_modules/.bin:/Users/martin/.config/yarn/link/node_modules/.bin:/Users/martin/.nvm/versions/node/v12.11.0/libexec/lib/node_modules/npm/bin/node-gyp-bin:/Users/martin/.nvm/versions/node/v12.11.0/lib/node_modules/npm/bin/node-gyp-bin:/Users/martin/.nvm/versions/node/v12.11.0/bin/node_modules/npm/bin/node-gyp-bin:/Users/martin/.yarn/bin:/Users/martin/.config/yarn/global/node_modules/.bin:/Users/martin/.nvm/versions/node/v12.11.0/bin:/Users/martin/.rbenv/shims:/Users/martin/bin:/usr/local/bin:/Users/martin/.yarn/bin:/Users/martin/batcave/flutter/bin:/usr/local/bin:/usr/bin:/bin:/usr/sbin:/sbin:/usr/local/go/bin

Yarn version: 
  1.12.3

Node version: 
  12.11.0

Platform: 
  darwin x64

Trace: 
  Error: ENOENT: no such file or directory, stat '/Users/martin/batcave/beepoc/app/user/node_modules/micro'

npm manifest: 
  {
    "name": "user",
    "author": "",
    "license": "ISC",
    "version": "1.0.0",
    "description": "",
    "main": "src/index.js",
    "scripts": {
      "test": "echo \"Error: no test specified\" && exit 1"
    },
    "_moduleAliases": {
      "#": "./src"
    },
    "dependencies": {
      "@hapi/joi": "^16.1.8",
      "module-alias": "^2.2.2"
    }
  }

yarn manifest: 
  No manifest

Lockfile: 
  # THIS IS AN AUTOGENERATED FILE. DO NOT EDIT THIS FILE DIRECTLY.
  # yarn lockfile v1
  
  
  "@hapi/address@^2.1.2":
    version "2.1.4"
    resolved "https://registry.yarnpkg.com/@hapi/address/-/address-2.1.4.tgz#5d67ed43f3fd41a69d4b9ff7b56e7c0d1d0a81e5"
    integrity sha512-QD1PhQk+s31P1ixsX0H0Suoupp3VMXzIVMSwobR3F3MSUO2YCV0B7xqLcUw/Bh8yuvd3LhpyqLQWTNcRmp6IdQ==
  
  "@hapi/formula@^1.2.0":
    version "1.2.0"
    resolved "https://registry.yarnpkg.com/@hapi/formula/-/formula-1.2.0.tgz#994649c7fea1a90b91a0a1e6d983523f680e10cd"
    integrity sha512-UFbtbGPjstz0eWHb+ga/GM3Z9EzqKXFWIbSOFURU0A/Gku0Bky4bCk9/h//K2Xr3IrCfjFNhMm4jyZ5dbCewGA==
  
  "@hapi/hoek@^8.2.4", "@hapi/hoek@^8.3.0":
    version "8.5.0"
    resolved "https://registry.yarnpkg.com/@hapi/hoek/-/hoek-8.5.0.tgz#2f9ce301c8898e1c3248b0a8564696b24d1a9a5a"
    integrity sha512-7XYT10CZfPsH7j9F1Jmg1+d0ezOux2oM2GfArAzLwWe4mE2Dr3hVjsAL6+TFY49RRJlCdJDMw3nJsLFroTc8Kw==
  
  "@hapi/joi@^16.1.8":
    version "16.1.8"
    resolved "https://registry.yarnpkg.com/@hapi/joi/-/joi-16.1.8.tgz#84c1f126269489871ad4e2decc786e0adef06839"
    integrity sha512-wAsVvTPe+FwSrsAurNt5vkg3zo+TblvC5Bb1zMVK6SJzZqw9UrJnexxR+76cpePmtUZKHAPxcQ2Bf7oVHyahhg==
    dependencies:
      "@hapi/address" "^2.1.2"
      "@hapi/formula" "^1.2.0"
      "@hapi/hoek" "^8.2.4"
      "@hapi/pinpoint" "^1.0.2"
      "@hapi/topo" "^3.1.3"
  
  "@hapi/pinpoint@^1.0.2":
    version "1.0.2"
    resolved "https://registry.yarnpkg.com/@hapi/pinpoint/-/pinpoint-1.0.2.tgz#025b7a36dbbf4d35bf1acd071c26b20ef41e0d13"
    integrity sha512-dtXC/WkZBfC5vxscazuiJ6iq4j9oNx1SHknmIr8hofarpKUZKmlUVYVIhNVzIEgK5Wrc4GMHL5lZtt1uS2flmQ==
  
  "@hapi/topo@^3.1.3":
    version "3.1.6"
    resolved "https://registry.yarnpkg.com/@hapi/topo/-/topo-3.1.6.tgz#68d935fa3eae7fdd5ab0d7f953f3205d8b2bfc29"
    integrity sha512-tAag0jEcjwH+P2quUfipd7liWCNX2F8NvYjQp2wtInsZxnMlypdw0FtAOLxtvvkO+GSRRbmNi8m/5y42PQJYCQ==
    dependencies:
      "@hapi/hoek" "^8.3.0"
  
  module-alias@^2.2.2:
    version "2.2.2"
    resolved "https://registry.yarnpkg.com/module-alias/-/module-alias-2.2.2.tgz#151cdcecc24e25739ff0aa6e51e1c5716974c0e0"
    integrity sha512-A/78XjoX2EmNvppVWEhM2oGk3x4lLxnkEA4jTbaK97QKSDjkIoOsKQlfylt/d3kKKi596Qy3NP5XrXJ6fZIC9Q==
