Arguments: 
  /Users/martin/.nvm/versions/node/v12.11.0/bin/node /Users/martin/.yarn/bin/yarn.js install

PATH: 
  /Users/martin/.nvm/versions/node/v12.11.0/lib/node_modules/npm/node_modules/npm-lifecycle/node-gyp-bin:/Users/martin/batcave/beepoc/node_modules/.bin:/var/folders/pv/w6jn0spn4s3bf7slfb39w8wc0000gn/T/yarn--1575731739130-0.9842654452419222:/Users/martin/batcave/beepoc/node_modules/.bin:/Users/martin/.config/yarn/link/node_modules/.bin:/Users/martin/batcave/beepoc/node_modules/.bin:/Users/martin/.config/yarn/link/node_modules/.bin:/Users/martin/.nvm/versions/node/v12.11.0/libexec/lib/node_modules/npm/bin/node-gyp-bin:/Users/martin/.nvm/versions/node/v12.11.0/lib/node_modules/npm/bin/node-gyp-bin:/Users/martin/.nvm/versions/node/v12.11.0/bin/node_modules/npm/bin/node-gyp-bin:/Users/martin/.yarn/bin:/Users/martin/.config/yarn/global/node_modules/.bin:/Users/martin/.nvm/versions/node/v12.11.0/bin:/Users/martin/.rbenv/shims:/Users/martin/bin:/usr/local/bin:/Users/martin/.yarn/bin:/Users/martin/batcave/flutter/bin:/usr/local/bin:/usr/bin:/bin:/usr/sbin:/sbin:/usr/local/go/bin

Yarn version: 
  1.12.3

Node version: 
  12.11.0

Platform: 
  darwin x64

Trace: 
  Error: ENOENT: no such file or directory, stat '/Users/martin/batcave/beepoc/app/graph/node_modules/micro'

npm manifest: 
  {
    "name": "graph",
    "version": "1.0.0",
    "main": "src/index.js",
    "license": "MIT",
    "scripts": {
      "start": "nodemon index.js"
    },
    "_moduleAliases": {
      "#": "./src"
    },
    "dependencies": {
      "graphql": "^14.5.8",
      "graphql-subscriptions": "^1.1.0",
      "graphql-type-json": "^0.3.0",
      "module-alias": "^2.2.2"
    }
  }

yarn manifest: 
  No manifest

Lockfile: 
  # THIS IS AN AUTOGENERATED FILE. DO NOT EDIT THIS FILE DIRECTLY.
  # yarn lockfile v1
  
  
  graphql-subscriptions@^1.1.0:
    version "1.1.0"
    resolved "https://registry.yarnpkg.com/graphql-subscriptions/-/graphql-subscriptions-1.1.0.tgz#5f2fa4233eda44cf7570526adfcf3c16937aef11"
    integrity sha512-6WzlBFC0lWmXJbIVE8OgFgXIP4RJi3OQgTPa0DVMsDXdpRDjTsM1K9wfl5HSYX7R87QAGlvcv2Y4BIZa/ItonA==
    dependencies:
      iterall "^1.2.1"
  
  graphql-type-json@^0.3.0:
    version "0.3.0"
    resolved "https://registry.yarnpkg.com/graphql-type-json/-/graphql-type-json-0.3.0.tgz#bb32e1b74bf52ebc690f9df12b4067bc061f818a"
    integrity sha512-lnxg5HiB95yxy+/5cDKtP6pZo0zgntsOmqsjeCBXFGJ4YoMF3+1YaSEKWJntNTu+VsAm3zf6lPxFpp1kxzofLA==
  
  graphql@^14.5.8:
    version "14.5.8"
    resolved "https://registry.yarnpkg.com/graphql/-/graphql-14.5.8.tgz#504f3d3114cb9a0a3f359bbbcf38d9e5bf6a6b3c"
    integrity sha512-MMwmi0zlVLQKLdGiMfWkgQD7dY/TUKt4L+zgJ/aR0Howebod3aNgP5JkgvAULiR2HPVZaP2VEElqtdidHweLkg==
    dependencies:
      iterall "^1.2.2"
  
  iterall@^1.2.1, iterall@^1.2.2:
    version "1.2.2"
    resolved "https://registry.yarnpkg.com/iterall/-/iterall-1.2.2.tgz#92d70deb8028e0c39ff3164fdbf4d8b088130cd7"
    integrity sha512-yynBb1g+RFUPY64fTrFv7nsjRrENBQJaX2UL+2Szc9REFrSNm1rpSXHGzhmAy7a9uv3vlvgBlXnf9RqmPH1/DA==
  
  module-alias@^2.2.2:
    version "2.2.2"
    resolved "https://registry.yarnpkg.com/module-alias/-/module-alias-2.2.2.tgz#151cdcecc24e25739ff0aa6e51e1c5716974c0e0"
    integrity sha512-A/78XjoX2EmNvppVWEhM2oGk3x4lLxnkEA4jTbaK97QKSDjkIoOsKQlfylt/d3kKKi596Qy3NP5XrXJ6fZIC9Q==
